<?xml version="1.0" encoding="UTF-8"?>
<!-- Generated by org.testng.reporters.JUnitReportReporter -->
<testsuite hostname="ASCINLAP61488" failures="0" tests="14" name="com.zepto.tests.CartTest" time="2016.107" errors="0" timestamp="2025-10-29T10:45:41 IST" skipped="0">
  <testcase classname="com.zepto.tests.CartTest" name="testAddProductToCart" time="82.974"/>
  <testcase classname="com.zepto.tests.CartTest" name="testAddProductToCart" time="100.965"/>
  <testcase classname="com.zepto.tests.CartTest" name="testAddProductToCart" time="102.915"/>
  <testcase classname="com.zepto.tests.CartTest" name="testAddProductToCart" time="85.070"/>
  <testcase classname="com.zepto.tests.CartTest" name="testCartAccessibility" time="117.169"/>
  <testcase classname="com.zepto.tests.CartTest" name="testCartIconClick" time="101.972"/>
  <testcase classname="com.zepto.tests.CartTest" name="testAddMultipleProductsToCart" time="183.631"/>
  <testcase classname="com.zepto.tests.CartTest" name="testAddMultipleProductsToCart" time="202.239"/>
  <testcase classname="com.zepto.tests.CartTest" name="testAddMultipleProductsToCart" time="146.630"/>
  <testcase classname="com.zepto.tests.CartTest" name="testAddMultipleProductsToCart" time="186.949"/>
  <testcase classname="com.zepto.tests.CartTest" name="testProductInCartVerification" time="176.561"/>
  <testcase classname="com.zepto.tests.CartTest" name="testProductInCartVerification" time="175.024"/>
  <testcase classname="com.zepto.tests.CartTest" name="testProductInCartVerification" time="172.491"/>
  <testcase classname="com.zepto.tests.CartTest" name="testProductInCartVerification" time="181.517"/>
</testsuite> <!-- com.zepto.tests.CartTest -->
