<?xml version="1.0" encoding="UTF-8"?>
<!-- Generated by org.testng.reporters.JUnitReportReporter -->
<testsuite hostname="ASCINLAP61488" failures="1" tests="9" name="com.zepto.tests.SearchTest" time="642.952" errors="0" timestamp="2025-10-29T10:45:41 IST" skipped="0">
  <testcase classname="com.zepto.tests.SearchTest" name="testSearchProduct" time="35.397"/>
  <testcase classname="com.zepto.tests.SearchTest" name="testSearchProduct" time="54.670"/>
  <testcase classname="com.zepto.tests.SearchTest" name="testSearchProduct" time="25.066"/>
  <testcase classname="com.zepto.tests.SearchTest" name="testSearchProduct" time="209.748">
    <failure message="Search results should be displayed expected [true] but found [false]" type="java.lang.AssertionError">
      <![CDATA[java.lang.AssertionError: Search results should be displayed expected [true] but found [false]
at org.testng.Assert.fail(Assert.java:111)
at org.testng.Assert.failNotEquals(Assert.java:1578)
at org.testng.Assert.assertTrue(Assert.java:57)
at com.zepto.tests.SearchTest.testSearchProduct(SearchTest.java:55)
at java.base/jdk.internal.reflect.DirectMethodHandleAccessor.invoke(DirectMethodHandleAccessor.java:103)
at java.base/java.lang.reflect.Method.invoke(Method.java:580)
at org.testng.internal.invokers.MethodInvocationHelper.invokeMethod(MethodInvocationHelper.java:139)
at org.testng.internal.invokers.TestInvoker.invokeMethod(TestInvoker.java:664)
at org.testng.internal.invokers.TestInvoker.invokeTestMethod(TestInvoker.java:227)
at org.testng.internal.invokers.MethodRunner.runInSequence(MethodRunner.java:50)
at org.testng.internal.invokers.TestInvoker$MethodInvocationAgent.invoke(TestInvoker.java:957)
at org.testng.internal.invokers.TestInvoker.invokeTestMethods(TestInvoker.java:200)
at org.testng.internal.invokers.TestMethodWorker.invokeTestMethods(TestMethodWorker.java:148)
at org.testng.internal.invokers.TestMethodWorker.run(TestMethodWorker.java:128)
at java.base/java.util.ArrayList.forEach(ArrayList.java:1596)
at org.testng.TestRunner.privateRun(TestRunner.java:848)
at org.testng.TestRunner.run(TestRunner.java:621)
at org.testng.SuiteRunner.runTest(SuiteRunner.java:443)
at org.testng.SuiteRunner$SuiteWorker.run(SuiteRunner.java:481)
at org.testng.internal.thread.ThreadUtil.lambda$execute$0(ThreadUtil.java:58)
at java.base/java.util.concurrent.FutureTask.run(FutureTask.java:317)
at java.base/java.util.concurrent.ThreadPoolExecutor.runWorker(ThreadPoolExecutor.java:1144)
at java.base/java.util.concurrent.ThreadPoolExecutor$Worker.run(ThreadPoolExecutor.java:642)
at java.base/java.lang.Thread.run(Thread.java:1583)
]]>
    </failure>
  </testcase> <!-- testSearchProduct -->
  <testcase classname="com.zepto.tests.SearchTest" name="testSearchWithEmptyQuery" time="67.558"/>
  <testcase classname="com.zepto.tests.SearchTest" name="testSearchResultsContainProduct" time="73.220"/>
  <testcase classname="com.zepto.tests.SearchTest" name="testSearchResultsContainProduct" time="63.888"/>
  <testcase classname="com.zepto.tests.SearchTest" name="testSearchResultsContainProduct" time="77.888"/>
  <testcase classname="com.zepto.tests.SearchTest" name="testSearchResultsContainProduct" time="35.517"/>
</testsuite> <!-- com.zepto.tests.SearchTest -->
