<?xml version="1.0" encoding="UTF-8"?>
<!-- Generated by org.testng.reporters.JUnitReportReporter -->
<testsuite hostname="ASCINLAP61488" failures="0" tests="5" name="com.zepto.tests.AddressTest" time="1021.307" errors="0" timestamp="2025-10-29T10:45:41 IST" skipped="0">
  <testcase classname="com.zepto.tests.AddressTest" name="testAddressInput" time="80.683"/>
  <testcase classname="com.zepto.tests.AddressTest" name="testAddressSelection" time="123.143"/>
  <testcase classname="com.zepto.tests.AddressTest" name="testCompleteAddressEntry" time="223.113"/>
  <testcase classname="com.zepto.tests.AddressTest" name="testAddressEntryWithCartFlow" time="301.089"/>
  <testcase classname="com.zepto.tests.AddressTest" name="testAddressSaveVerification" time="293.279"/>
</testsuite> <!-- com.zepto.tests.AddressTest -->
