<?xml version="1.0" encoding="UTF-8"?>
<!-- Generated by org.testng.reporters.JUnitReportReporter -->
<testsuite hostname="ASCINLAP61488" failures="0" tests="3" name="com.zepto.tests.SuperSaverTest" time="485.635" errors="0" timestamp="2025-10-29T10:45:41 IST" skipped="0">
  <testcase classname="com.zepto.tests.SuperSaverTest" name="testEnableSuperSaver" time="167.649"/>
  <testcase classname="com.zepto.tests.SuperSaverTest" name="testSuperSaverButtonClick" time="100.265"/>
  <testcase classname="com.zepto.tests.SuperSaverTest" name="testSuperSaverPersistence" time="217.721"/>
</testsuite> <!-- com.zepto.tests.SuperSaverTest -->
