<?xml version="1.0" encoding="UTF-8"?>
<!-- Generated by org.testng.reporters.JUnitReportReporter -->
<testsuite hostname="ASCINLAP61488" failures="0" tests="2" name="com.zepto.tests.LoginTest" time="135.642" errors="0" timestamp="2025-10-29T10:45:41 IST" skipped="0">
  <testcase classname="com.zepto.tests.LoginTest" name="testLoginWithMobileNumber" time="61.279"/>
  <testcase classname="com.zepto.tests.LoginTest" name="testLoginPersistence" time="74.363"/>
</testsuite> <!-- com.zepto.tests.LoginTest -->
