<?xml version="1.0" encoding="UTF-8"?>
<!-- Generated by org.testng.reporters.JUnitXMLReporter -->
<testsuite ignored="1" hostname="ASCINLAP61488" failures="0" tests="1" name="Login Test - Save Cookies" time="125.496" errors="0" timestamp="2025-10-29T10:00:44 IST">
  <testcase classname="com.zepto.tests.LoginTest" name="testLoginWithMobileNumber" time="66.538"/>
  <testcase classname="com.zepto.tests.LoginTest" name="testLoginPersistence" time="0.0">
    <ignored/>
  </testcase> <!-- testLoginPersistence -->
</testsuite> <!-- Login Test - Save Cookies -->
