<?xml version="1.0" encoding="UTF-8"?>
<testng-results ignored="0" total="33" passed="32" failed="1" skipped="0">
  <reporter-output>
  </reporter-output>
  <suite started-at="2025-10-29T10:01:22 IST" name="Zepto Automation Test Suite" finished-at="2025-10-29T10:45:40 IST" duration-ms="2657520">
    <groups>
    </groups>
    <test started-at="2025-10-29T10:01:22 IST" name="Login Test" finished-at="2025-10-29T10:03:41 IST" duration-ms="139123">
      <class name="com.zepto.tests.LoginTest">
        <test-method is-config="true" signature="setUp(java.lang.String)[pri:0, instance:com.zepto.tests.LoginTest@75f95314]" started-at="2025-10-29T10:01:23 IST" name="setUp" finished-at="2025-10-29T10:01:45 IST" duration-ms="21486" status="PASS">
          <params>
            <param index="0">
              <value>
                <![CDATA[chrome]]>
              </value>
            </param>
          </params>
          <reporter-output>
          </reporter-output>
        </test-method> <!-- setUp -->
        <test-method signature="testLoginWithMobileNumber(java.lang.String)[pri:1, instance:com.zepto.tests.LoginTest@75f95314]" started-at="2025-10-29T10:01:45 IST" name="testLoginWithMobileNumber" data-provider="loginData" finished-at="2025-10-29T10:02:23 IST" duration-ms="38377" status="PASS">
          <params>
            <param index="0">
              <value>
                <![CDATA[9876543210]]>
              </value>
            </param>
          </params>
          <reporter-output>
          </reporter-output>
        </test-method> <!-- testLoginWithMobileNumber -->
        <test-method is-config="true" signature="tearDown()[pri:0, instance:com.zepto.tests.LoginTest@75f95314]" started-at="2025-10-29T10:02:24 IST" name="tearDown" finished-at="2025-10-29T10:02:26 IST" duration-ms="1416" status="PASS">
          <reporter-output>
          </reporter-output>
        </test-method> <!-- tearDown -->
        <test-method is-config="true" signature="setUp(java.lang.String)[pri:0, instance:com.zepto.tests.LoginTest@75f95314]" started-at="2025-10-29T10:02:26 IST" name="setUp" finished-at="2025-10-29T10:02:34 IST" duration-ms="8112" status="PASS">
          <params>
            <param index="0">
              <value>
                <![CDATA[chrome]]>
              </value>
            </param>
          </params>
          <reporter-output>
          </reporter-output>
        </test-method> <!-- setUp -->
        <test-method signature="testLoginPersistence()[pri:2, instance:com.zepto.tests.LoginTest@75f95314]" started-at="2025-10-29T10:02:34 IST" name="testLoginPersistence" finished-at="2025-10-29T10:03:39 IST" depends-on-methods="com.zepto.tests.LoginTest.testLoginWithMobileNumber" duration-ms="64948" status="PASS">
          <reporter-output>
          </reporter-output>
        </test-method> <!-- testLoginPersistence -->
        <test-method is-config="true" signature="tearDown()[pri:0, instance:com.zepto.tests.LoginTest@75f95314]" started-at="2025-10-29T10:03:40 IST" name="tearDown" finished-at="2025-10-29T10:03:41 IST" duration-ms="1303" status="PASS">
          <reporter-output>
          </reporter-output>
        </test-method> <!-- tearDown -->
      </class> <!-- com.zepto.tests.LoginTest -->
    </test> <!-- Login Test -->
    <test started-at="2025-10-29T10:03:42 IST" name="SuperSaver Test" finished-at="2025-10-29T10:11:51 IST" duration-ms="489664">
      <class name="com.zepto.tests.SuperSaverTest">
        <test-method is-config="true" signature="setUp(java.lang.String)[pri:0, instance:com.zepto.tests.SuperSaverTest@5ccbeb64]" started-at="2025-10-29T10:03:42 IST" name="setUp" finished-at="2025-10-29T10:03:56 IST" duration-ms="13900" status="PASS">
          <params>
            <param index="0">
              <value>
                <![CDATA[chrome]]>
              </value>
            </param>
          </params>
          <reporter-output>
          </reporter-output>
        </test-method> <!-- setUp -->
        <test-method is-config="true" signature="ensureLogin()[pri:0, instance:com.zepto.tests.SuperSaverTest@5ccbeb64]" started-at="2025-10-29T10:03:56 IST" name="ensureLogin" finished-at="2025-10-29T10:04:02 IST" duration-ms="6021" status="PASS">
          <reporter-output>
          </reporter-output>
        </test-method> <!-- ensureLogin -->
        <test-method signature="testEnableSuperSaver()[pri:1, instance:com.zepto.tests.SuperSaverTest@5ccbeb64]" started-at="2025-10-29T10:04:02 IST" name="testEnableSuperSaver" finished-at="2025-10-29T10:06:21 IST" duration-ms="139397" status="PASS">
          <reporter-output>
          </reporter-output>
        </test-method> <!-- testEnableSuperSaver -->
        <test-method is-config="true" signature="tearDown()[pri:0, instance:com.zepto.tests.SuperSaverTest@5ccbeb64]" started-at="2025-10-29T10:06:22 IST" name="tearDown" finished-at="2025-10-29T10:06:24 IST" duration-ms="1317" status="PASS">
          <reporter-output>
          </reporter-output>
        </test-method> <!-- tearDown -->
        <test-method is-config="true" signature="setUp(java.lang.String)[pri:0, instance:com.zepto.tests.SuperSaverTest@5ccbeb64]" started-at="2025-10-29T10:06:24 IST" name="setUp" finished-at="2025-10-29T10:07:01 IST" duration-ms="36897" status="PASS">
          <params>
            <param index="0">
              <value>
                <![CDATA[chrome]]>
              </value>
            </param>
          </params>
          <reporter-output>
          </reporter-output>
        </test-method> <!-- setUp -->
        <test-method is-config="true" signature="ensureLogin()[pri:0, instance:com.zepto.tests.SuperSaverTest@5ccbeb64]" started-at="2025-10-29T10:07:01 IST" name="ensureLogin" finished-at="2025-10-29T10:07:24 IST" duration-ms="23923" status="PASS">
          <reporter-output>
          </reporter-output>
        </test-method> <!-- ensureLogin -->
        <test-method signature="testSuperSaverButtonClick()[pri:2, instance:com.zepto.tests.SuperSaverTest@5ccbeb64]" started-at="2025-10-29T10:07:24 IST" name="testSuperSaverButtonClick" finished-at="2025-10-29T10:08:26 IST" duration-ms="61142" status="PASS">
          <reporter-output>
          </reporter-output>
        </test-method> <!-- testSuperSaverButtonClick -->
        <test-method is-config="true" signature="tearDown()[pri:0, instance:com.zepto.tests.SuperSaverTest@5ccbeb64]" started-at="2025-10-29T10:08:27 IST" name="tearDown" finished-at="2025-10-29T10:08:28 IST" duration-ms="1176" status="PASS">
          <reporter-output>
          </reporter-output>
        </test-method> <!-- tearDown -->
        <test-method is-config="true" signature="setUp(java.lang.String)[pri:0, instance:com.zepto.tests.SuperSaverTest@5ccbeb64]" started-at="2025-10-29T10:08:28 IST" name="setUp" finished-at="2025-10-29T10:08:46 IST" duration-ms="17761" status="PASS">
          <params>
            <param index="0">
              <value>
                <![CDATA[chrome]]>
              </value>
            </param>
          </params>
          <reporter-output>
          </reporter-output>
        </test-method> <!-- setUp -->
        <test-method is-config="true" signature="ensureLogin()[pri:0, instance:com.zepto.tests.SuperSaverTest@5ccbeb64]" started-at="2025-10-29T10:08:46 IST" name="ensureLogin" finished-at="2025-10-29T10:08:55 IST" duration-ms="9315" status="PASS">
          <reporter-output>
          </reporter-output>
        </test-method> <!-- ensureLogin -->
        <test-method signature="testSuperSaverPersistence()[pri:3, instance:com.zepto.tests.SuperSaverTest@5ccbeb64]" started-at="2025-10-29T10:08:55 IST" name="testSuperSaverPersistence" finished-at="2025-10-29T10:11:49 IST" duration-ms="173486" status="PASS">
          <reporter-output>
          </reporter-output>
        </test-method> <!-- testSuperSaverPersistence -->
        <test-method is-config="true" signature="tearDown()[pri:0, instance:com.zepto.tests.SuperSaverTest@5ccbeb64]" started-at="2025-10-29T10:11:50 IST" name="tearDown" finished-at="2025-10-29T10:11:51 IST" duration-ms="1300" status="PASS">
          <reporter-output>
          </reporter-output>
        </test-method> <!-- tearDown -->
      </class> <!-- com.zepto.tests.SuperSaverTest -->
    </test> <!-- SuperSaver Test -->
    <test started-at="2025-10-29T10:01:22 IST" name="Search Test" finished-at="2025-10-29T10:12:14 IST" duration-ms="651714">
      <class name="com.zepto.tests.SearchTest">
        <test-method is-config="true" signature="setUp(java.lang.String)[pri:0, instance:com.zepto.tests.SearchTest@c5dc4a2]" started-at="2025-10-29T10:01:23 IST" name="setUp" finished-at="2025-10-29T10:01:45 IST" duration-ms="21493" status="PASS">
          <params>
            <param index="0">
              <value>
                <![CDATA[chrome]]>
              </value>
            </param>
          </params>
          <reporter-output>
          </reporter-output>
        </test-method> <!-- setUp -->
        <test-method is-config="true" signature="ensureLogin()[pri:0, instance:com.zepto.tests.SearchTest@c5dc4a2]" started-at="2025-10-29T10:01:45 IST" name="ensureLogin" finished-at="2025-10-29T10:01:54 IST" duration-ms="8804" status="PASS">
          <reporter-output>
          </reporter-output>
        </test-method> <!-- ensureLogin -->
        <test-method signature="testSearchProduct(java.lang.String)[pri:1, instance:com.zepto.tests.SearchTest@c5dc4a2]" started-at="2025-10-29T10:01:54 IST" name="testSearchProduct" data-provider="searchData" finished-at="2025-10-29T10:02:03 IST" duration-ms="9370" status="PASS">
          <params>
            <param index="0">
              <value>
                <![CDATA[Milk]]>
              </value>
            </param>
          </params>
          <reporter-output>
          </reporter-output>
        </test-method> <!-- testSearchProduct -->
        <test-method is-config="true" signature="tearDown()[pri:0, instance:com.zepto.tests.SearchTest@c5dc4a2]" started-at="2025-10-29T10:02:04 IST" name="tearDown" finished-at="2025-10-29T10:02:05 IST" duration-ms="1508" status="PASS">
          <reporter-output>
          </reporter-output>
        </test-method> <!-- tearDown -->
        <test-method is-config="true" signature="setUp(java.lang.String)[pri:0, instance:com.zepto.tests.SearchTest@c5dc4a2]" started-at="2025-10-29T10:02:05 IST" name="setUp" finished-at="2025-10-29T10:02:13 IST" duration-ms="8255" status="PASS">
          <params>
            <param index="0">
              <value>
                <![CDATA[chrome]]>
              </value>
            </param>
          </params>
          <reporter-output>
          </reporter-output>
        </test-method> <!-- setUp -->
        <test-method is-config="true" signature="ensureLogin()[pri:0, instance:com.zepto.tests.SearchTest@c5dc4a2]" started-at="2025-10-29T10:02:13 IST" name="ensureLogin" finished-at="2025-10-29T10:02:29 IST" duration-ms="15677" status="PASS">
          <reporter-output>
          </reporter-output>
        </test-method> <!-- ensureLogin -->
        <test-method signature="testSearchProduct(java.lang.String)[pri:1, instance:com.zepto.tests.SearchTest@c5dc4a2]" started-at="2025-10-29T10:02:29 IST" name="testSearchProduct" data-provider="searchData" finished-at="2025-10-29T10:02:39 IST" duration-ms="10136" status="PASS">
          <params>
            <param index="0">
              <value>
                <![CDATA[Bread]]>
              </value>
            </param>
          </params>
          <reporter-output>
          </reporter-output>
        </test-method> <!-- testSearchProduct -->
        <test-method is-config="true" signature="tearDown()[pri:0, instance:com.zepto.tests.SearchTest@c5dc4a2]" started-at="2025-10-29T10:02:40 IST" name="tearDown" finished-at="2025-10-29T10:02:42 IST" duration-ms="1409" status="PASS">
          <reporter-output>
          </reporter-output>
        </test-method> <!-- tearDown -->
        <test-method is-config="true" signature="setUp(java.lang.String)[pri:0, instance:com.zepto.tests.SearchTest@c5dc4a2]" started-at="2025-10-29T10:02:42 IST" name="setUp" finished-at="2025-10-29T10:02:59 IST" duration-ms="17549" status="PASS">
          <params>
            <param index="0">
              <value>
                <![CDATA[chrome]]>
              </value>
            </param>
          </params>
          <reporter-output>
          </reporter-output>
        </test-method> <!-- setUp -->
        <test-method is-config="true" signature="ensureLogin()[pri:0, instance:com.zepto.tests.SearchTest@c5dc4a2]" started-at="2025-10-29T10:02:59 IST" name="ensureLogin" finished-at="2025-10-29T10:03:18 IST" duration-ms="19129" status="PASS">
          <reporter-output>
          </reporter-output>
        </test-method> <!-- ensureLogin -->
        <test-method signature="testSearchProduct(java.lang.String)[pri:1, instance:com.zepto.tests.SearchTest@c5dc4a2]" started-at="2025-10-29T10:03:18 IST" name="testSearchProduct" data-provider="searchData" finished-at="2025-10-29T10:06:06 IST" duration-ms="168108" status="FAIL">
          <params>
            <param index="0">
              <value>
                <![CDATA[Eggs]]>
              </value>
            </param>
          </params>
          <exception class="java.lang.AssertionError">
            <message>
              <![CDATA[Search results should be displayed expected [true] but found [false]]]>
            </message>
            <full-stacktrace>
              <![CDATA[java.lang.AssertionError: Search results should be displayed expected [true] but found [false]
at org.testng.Assert.fail(Assert.java:111)
at org.testng.Assert.failNotEquals(Assert.java:1578)
at org.testng.Assert.assertTrue(Assert.java:57)
at com.zepto.tests.SearchTest.testSearchProduct(SearchTest.java:55)
at java.base/jdk.internal.reflect.DirectMethodHandleAccessor.invoke(DirectMethodHandleAccessor.java:103)
at java.base/java.lang.reflect.Method.invoke(Method.java:580)
at org.testng.internal.invokers.MethodInvocationHelper.invokeMethod(MethodInvocationHelper.java:139)
at org.testng.internal.invokers.TestInvoker.invokeMethod(TestInvoker.java:664)
at org.testng.internal.invokers.TestInvoker.invokeTestMethod(TestInvoker.java:227)
at org.testng.internal.invokers.MethodRunner.runInSequence(MethodRunner.java:50)
at org.testng.internal.invokers.TestInvoker$MethodInvocationAgent.invoke(TestInvoker.java:957)
at org.testng.internal.invokers.TestInvoker.invokeTestMethods(TestInvoker.java:200)
at org.testng.internal.invokers.TestMethodWorker.invokeTestMethods(TestMethodWorker.java:148)
at org.testng.internal.invokers.TestMethodWorker.run(TestMethodWorker.java:128)
at java.base/java.util.ArrayList.forEach(ArrayList.java:1596)
at org.testng.TestRunner.privateRun(TestRunner.java:848)
at org.testng.TestRunner.run(TestRunner.java:621)
at org.testng.SuiteRunner.runTest(SuiteRunner.java:443)
at org.testng.SuiteRunner$SuiteWorker.run(SuiteRunner.java:481)
at org.testng.internal.thread.ThreadUtil.lambda$execute$0(ThreadUtil.java:58)
at java.base/java.util.concurrent.FutureTask.run(FutureTask.java:317)
at java.base/java.util.concurrent.ThreadPoolExecutor.runWorker(ThreadPoolExecutor.java:1144)
at java.base/java.util.concurrent.ThreadPoolExecutor$Worker.run(ThreadPoolExecutor.java:642)
at java.base/java.lang.Thread.run(Thread.java:1583)
]]>
            </full-stacktrace>
          </exception> <!-- java.lang.AssertionError -->
          <reporter-output>
          </reporter-output>
        </test-method> <!-- testSearchProduct -->
        <test-method is-config="true" signature="tearDown()[pri:0, instance:com.zepto.tests.SearchTest@c5dc4a2]" started-at="2025-10-29T10:06:07 IST" name="tearDown" finished-at="2025-10-29T10:06:08 IST" duration-ms="1328" status="PASS">
          <reporter-output>
          </reporter-output>
        </test-method> <!-- tearDown -->
        <test-method is-config="true" signature="setUp(java.lang.String)[pri:0, instance:com.zepto.tests.SearchTest@c5dc4a2]" started-at="2025-10-29T10:06:08 IST" name="setUp" finished-at="2025-10-29T10:07:01 IST" duration-ms="52349" status="PASS">
          <params>
            <param index="0">
              <value>
                <![CDATA[chrome]]>
              </value>
            </param>
          </params>
          <reporter-output>
          </reporter-output>
        </test-method> <!-- setUp -->
        <test-method is-config="true" signature="ensureLogin()[pri:0, instance:com.zepto.tests.SearchTest@c5dc4a2]" started-at="2025-10-29T10:07:01 IST" name="ensureLogin" finished-at="2025-10-29T10:07:30 IST" duration-ms="29714" status="PASS">
          <reporter-output>
          </reporter-output>
        </test-method> <!-- ensureLogin -->
        <test-method signature="testSearchProduct(java.lang.String)[pri:1, instance:com.zepto.tests.SearchTest@c5dc4a2]" started-at="2025-10-29T10:07:30 IST" name="testSearchProduct" data-provider="searchData" finished-at="2025-10-29T10:07:40 IST" duration-ms="9787" status="PASS">
          <params>
            <param index="0">
              <value>
                <![CDATA[Rice]]>
              </value>
            </param>
          </params>
          <reporter-output>
          </reporter-output>
        </test-method> <!-- testSearchProduct -->
        <test-method is-config="true" signature="tearDown()[pri:0, instance:com.zepto.tests.SearchTest@c5dc4a2]" started-at="2025-10-29T10:07:41 IST" name="tearDown" finished-at="2025-10-29T10:07:43 IST" duration-ms="1449" status="PASS">
          <reporter-output>
          </reporter-output>
        </test-method> <!-- tearDown -->
        <test-method is-config="true" signature="setUp(java.lang.String)[pri:0, instance:com.zepto.tests.SearchTest@c5dc4a2]" started-at="2025-10-29T10:07:43 IST" name="setUp" finished-at="2025-10-29T10:08:00 IST" duration-ms="16992" status="PASS">
          <params>
            <param index="0">
              <value>
                <![CDATA[chrome]]>
              </value>
            </param>
          </params>
          <reporter-output>
          </reporter-output>
        </test-method> <!-- setUp -->
        <test-method is-config="true" signature="ensureLogin()[pri:0, instance:com.zepto.tests.SearchTest@c5dc4a2]" started-at="2025-10-29T10:08:00 IST" name="ensureLogin" finished-at="2025-10-29T10:08:22 IST" duration-ms="22491" status="PASS">
          <reporter-output>
          </reporter-output>
        </test-method> <!-- ensureLogin -->
        <test-method signature="testSearchWithEmptyQuery()[pri:2, instance:com.zepto.tests.SearchTest@c5dc4a2]" started-at="2025-10-29T10:08:22 IST" name="testSearchWithEmptyQuery" finished-at="2025-10-29T10:08:28 IST" duration-ms="5887" status="PASS">
          <reporter-output>
          </reporter-output>
        </test-method> <!-- testSearchWithEmptyQuery -->
        <test-method is-config="true" signature="tearDown()[pri:0, instance:com.zepto.tests.SearchTest@c5dc4a2]" started-at="2025-10-29T10:08:29 IST" name="tearDown" finished-at="2025-10-29T10:08:31 IST" duration-ms="2041" status="PASS">
          <reporter-output>
          </reporter-output>
        </test-method> <!-- tearDown -->
        <test-method is-config="true" signature="setUp(java.lang.String)[pri:0, instance:com.zepto.tests.SearchTest@c5dc4a2]" started-at="2025-10-29T10:08:31 IST" name="setUp" finished-at="2025-10-29T10:08:46 IST" duration-ms="14722" status="PASS">
          <params>
            <param index="0">
              <value>
                <![CDATA[chrome]]>
              </value>
            </param>
          </params>
          <reporter-output>
          </reporter-output>
        </test-method> <!-- setUp -->
        <test-method is-config="true" signature="ensureLogin()[pri:0, instance:com.zepto.tests.SearchTest@c5dc4a2]" started-at="2025-10-29T10:08:46 IST" name="ensureLogin" finished-at="2025-10-29T10:09:04 IST" duration-ms="17693" status="PASS">
          <reporter-output>
          </reporter-output>
        </test-method> <!-- ensureLogin -->
        <test-method signature="testSearchResultsContainProduct(java.lang.String)[pri:3, instance:com.zepto.tests.SearchTest@c5dc4a2]" started-at="2025-10-29T10:09:04 IST" name="testSearchResultsContainProduct" data-provider="searchData" finished-at="2025-10-29T10:09:14 IST" duration-ms="10666" status="PASS">
          <params>
            <param index="0">
              <value>
                <![CDATA[Milk]]>
              </value>
            </param>
          </params>
          <reporter-output>
          </reporter-output>
        </test-method> <!-- testSearchResultsContainProduct -->
        <test-method is-config="true" signature="tearDown()[pri:0, instance:com.zepto.tests.SearchTest@c5dc4a2]" started-at="2025-10-29T10:09:15 IST" name="tearDown" finished-at="2025-10-29T10:09:16 IST" duration-ms="1177" status="PASS">
          <reporter-output>
          </reporter-output>
        </test-method> <!-- tearDown -->
        <test-method is-config="true" signature="setUp(java.lang.String)[pri:0, instance:com.zepto.tests.SearchTest@c5dc4a2]" started-at="2025-10-29T10:09:16 IST" name="setUp" finished-at="2025-10-29T10:09:28 IST" duration-ms="11950" status="PASS">
          <params>
            <param index="0">
              <value>
                <![CDATA[chrome]]>
              </value>
            </param>
          </params>
          <reporter-output>
          </reporter-output>
        </test-method> <!-- setUp -->
        <test-method is-config="true" signature="ensureLogin()[pri:0, instance:com.zepto.tests.SearchTest@c5dc4a2]" started-at="2025-10-29T10:09:28 IST" name="ensureLogin" finished-at="2025-10-29T10:09:34 IST" duration-ms="5586" status="PASS">
          <reporter-output>
          </reporter-output>
        </test-method> <!-- ensureLogin -->
        <test-method signature="testSearchResultsContainProduct(java.lang.String)[pri:3, instance:com.zepto.tests.SearchTest@c5dc4a2]" started-at="2025-10-29T10:09:34 IST" name="testSearchResultsContainProduct" data-provider="searchData" finished-at="2025-10-29T10:09:47 IST" duration-ms="13168" status="PASS">
          <params>
            <param index="0">
              <value>
                <![CDATA[Bread]]>
              </value>
            </param>
          </params>
          <reporter-output>
          </reporter-output>
        </test-method> <!-- testSearchResultsContainProduct -->
        <test-method is-config="true" signature="tearDown()[pri:0, instance:com.zepto.tests.SearchTest@c5dc4a2]" started-at="2025-10-29T10:09:48 IST" name="tearDown" finished-at="2025-10-29T10:09:49 IST" duration-ms="1401" status="PASS">
          <reporter-output>
          </reporter-output>
        </test-method> <!-- tearDown -->
        <test-method is-config="true" signature="setUp(java.lang.String)[pri:0, instance:com.zepto.tests.SearchTest@c5dc4a2]" started-at="2025-10-29T10:09:49 IST" name="setUp" finished-at="2025-10-29T10:10:14 IST" duration-ms="24554" status="PASS">
          <params>
            <param index="0">
              <value>
                <![CDATA[chrome]]>
              </value>
            </param>
          </params>
          <reporter-output>
          </reporter-output>
        </test-method> <!-- setUp -->
        <test-method is-config="true" signature="ensureLogin()[pri:0, instance:com.zepto.tests.SearchTest@c5dc4a2]" started-at="2025-10-29T10:10:14 IST" name="ensureLogin" finished-at="2025-10-29T10:10:19 IST" duration-ms="5575" status="PASS">
          <reporter-output>
          </reporter-output>
        </test-method> <!-- ensureLogin -->
        <test-method signature="testSearchResultsContainProduct(java.lang.String)[pri:3, instance:com.zepto.tests.SearchTest@c5dc4a2]" started-at="2025-10-29T10:10:19 IST" name="testSearchResultsContainProduct" data-provider="searchData" finished-at="2025-10-29T10:10:47 IST" duration-ms="27695" status="PASS">
          <params>
            <param index="0">
              <value>
                <![CDATA[Eggs]]>
              </value>
            </param>
          </params>
          <reporter-output>
          </reporter-output>
        </test-method> <!-- testSearchResultsContainProduct -->
        <test-method is-config="true" signature="tearDown()[pri:0, instance:com.zepto.tests.SearchTest@c5dc4a2]" started-at="2025-10-29T10:10:48 IST" name="tearDown" finished-at="2025-10-29T10:10:49 IST" duration-ms="1316" status="PASS">
          <reporter-output>
          </reporter-output>
        </test-method> <!-- tearDown -->
        <test-method is-config="true" signature="setUp(java.lang.String)[pri:0, instance:com.zepto.tests.SearchTest@c5dc4a2]" started-at="2025-10-29T10:10:49 IST" name="setUp" finished-at="2025-10-29T10:11:30 IST" duration-ms="41214" status="PASS">
          <params>
            <param index="0">
              <value>
                <![CDATA[chrome]]>
              </value>
            </param>
          </params>
          <reporter-output>
          </reporter-output>
        </test-method> <!-- setUp -->
        <test-method is-config="true" signature="ensureLogin()[pri:0, instance:com.zepto.tests.SearchTest@c5dc4a2]" started-at="2025-10-29T10:11:30 IST" name="ensureLogin" finished-at="2025-10-29T10:11:37 IST" duration-ms="6535" status="PASS">
          <reporter-output>
          </reporter-output>
        </test-method> <!-- ensureLogin -->
        <test-method signature="testSearchResultsContainProduct(java.lang.String)[pri:3, instance:com.zepto.tests.SearchTest@c5dc4a2]" started-at="2025-10-29T10:11:37 IST" name="testSearchResultsContainProduct" data-provider="searchData" finished-at="2025-10-29T10:12:12 IST" duration-ms="34808" status="PASS">
          <params>
            <param index="0">
              <value>
                <![CDATA[Rice]]>
              </value>
            </param>
          </params>
          <reporter-output>
          </reporter-output>
        </test-method> <!-- testSearchResultsContainProduct -->
        <test-method is-config="true" signature="tearDown()[pri:0, instance:com.zepto.tests.SearchTest@c5dc4a2]" started-at="2025-10-29T10:12:12 IST" name="tearDown" finished-at="2025-10-29T10:12:14 IST" duration-ms="1416" status="PASS">
          <reporter-output>
          </reporter-output>
        </test-method> <!-- tearDown -->
      </class> <!-- com.zepto.tests.SearchTest -->
    </test> <!-- Search Test -->
    <test started-at="2025-10-29T10:12:14 IST" name="Address Test" finished-at="2025-10-29T10:29:20 IST" duration-ms="1025857">
      <class name="com.zepto.tests.AddressTest">
        <test-method is-config="true" signature="setUp(java.lang.String)[pri:0, instance:com.zepto.tests.AddressTest@61f05988]" started-at="2025-10-29T10:12:14 IST" name="setUp" finished-at="2025-10-29T10:12:27 IST" duration-ms="12825" status="PASS">
          <params>
            <param index="0">
              <value>
                <![CDATA[chrome]]>
              </value>
            </param>
          </params>
          <reporter-output>
          </reporter-output>
        </test-method> <!-- setUp -->
        <test-method is-config="true" signature="ensureLogin()[pri:0, instance:com.zepto.tests.AddressTest@61f05988]" started-at="2025-10-29T10:12:27 IST" name="ensureLogin" finished-at="2025-10-29T10:12:36 IST" duration-ms="9265" status="PASS">
          <reporter-output>
          </reporter-output>
        </test-method> <!-- ensureLogin -->
        <test-method signature="testAddressInput()[pri:1, instance:com.zepto.tests.AddressTest@61f05988]" started-at="2025-10-29T10:12:36 IST" name="testAddressInput" finished-at="2025-10-29T10:13:37 IST" duration-ms="61302" status="PASS">
          <reporter-output>
          </reporter-output>
        </test-method> <!-- testAddressInput -->
        <test-method is-config="true" signature="tearDown()[pri:0, instance:com.zepto.tests.AddressTest@61f05988]" started-at="2025-10-29T10:13:38 IST" name="tearDown" finished-at="2025-10-29T10:13:40 IST" duration-ms="1463" status="PASS">
          <reporter-output>
          </reporter-output>
        </test-method> <!-- tearDown -->
        <test-method is-config="true" signature="setUp(java.lang.String)[pri:0, instance:com.zepto.tests.AddressTest@61f05988]" started-at="2025-10-29T10:13:40 IST" name="setUp" finished-at="2025-10-29T10:13:59 IST" duration-ms="19416" status="PASS">
          <params>
            <param index="0">
              <value>
                <![CDATA[chrome]]>
              </value>
            </param>
          </params>
          <reporter-output>
          </reporter-output>
        </test-method> <!-- setUp -->
        <test-method is-config="true" signature="ensureLogin()[pri:0, instance:com.zepto.tests.AddressTest@61f05988]" started-at="2025-10-29T10:13:59 IST" name="ensureLogin" finished-at="2025-10-29T10:14:06 IST" duration-ms="6313" status="PASS">
          <reporter-output>
          </reporter-output>
        </test-method> <!-- ensureLogin -->
        <test-method signature="testAddressSelection()[pri:2, instance:com.zepto.tests.AddressTest@61f05988]" started-at="2025-10-29T10:14:06 IST" name="testAddressSelection" finished-at="2025-10-29T10:15:57 IST" duration-ms="110906" status="PASS">
          <reporter-output>
          </reporter-output>
        </test-method> <!-- testAddressSelection -->
        <test-method is-config="true" signature="tearDown()[pri:0, instance:com.zepto.tests.AddressTest@61f05988]" started-at="2025-10-29T10:15:58 IST" name="tearDown" finished-at="2025-10-29T10:15:59 IST" duration-ms="1313" status="PASS">
          <reporter-output>
          </reporter-output>
        </test-method> <!-- tearDown -->
        <test-method is-config="true" signature="setUp(java.lang.String)[pri:0, instance:com.zepto.tests.AddressTest@61f05988]" started-at="2025-10-29T10:15:59 IST" name="setUp" finished-at="2025-10-29T10:16:04 IST" duration-ms="4611" status="PASS">
          <params>
            <param index="0">
              <value>
                <![CDATA[chrome]]>
              </value>
            </param>
          </params>
          <reporter-output>
          </reporter-output>
        </test-method> <!-- setUp -->
        <test-method is-config="true" signature="ensureLogin()[pri:0, instance:com.zepto.tests.AddressTest@61f05988]" started-at="2025-10-29T10:16:04 IST" name="ensureLogin" finished-at="2025-10-29T10:16:34 IST" duration-ms="30245" status="PASS">
          <reporter-output>
          </reporter-output>
        </test-method> <!-- ensureLogin -->
        <test-method signature="testCompleteAddressEntry()[pri:3, instance:com.zepto.tests.AddressTest@61f05988]" started-at="2025-10-29T10:16:34 IST" name="testCompleteAddressEntry" finished-at="2025-10-29T10:19:26 IST" duration-ms="171989" status="PASS">
          <reporter-output>
          </reporter-output>
        </test-method> <!-- testCompleteAddressEntry -->
        <test-method is-config="true" signature="tearDown()[pri:0, instance:com.zepto.tests.AddressTest@61f05988]" started-at="2025-10-29T10:19:27 IST" name="tearDown" finished-at="2025-10-29T10:19:28 IST" duration-ms="1253" status="PASS">
          <reporter-output>
          </reporter-output>
        </test-method> <!-- tearDown -->
        <test-method is-config="true" signature="setUp(java.lang.String)[pri:0, instance:com.zepto.tests.AddressTest@61f05988]" started-at="2025-10-29T10:19:28 IST" name="setUp" finished-at="2025-10-29T10:19:47 IST" duration-ms="18823" status="PASS">
          <params>
            <param index="0">
              <value>
                <![CDATA[chrome]]>
              </value>
            </param>
          </params>
          <reporter-output>
          </reporter-output>
        </test-method> <!-- setUp -->
        <test-method is-config="true" signature="ensureLogin()[pri:0, instance:com.zepto.tests.AddressTest@61f05988]" started-at="2025-10-29T10:19:47 IST" name="ensureLogin" finished-at="2025-10-29T10:19:52 IST" duration-ms="5303" status="PASS">
          <reporter-output>
          </reporter-output>
        </test-method> <!-- ensureLogin -->
        <test-method signature="testAddressEntryWithCartFlow()[pri:4, instance:com.zepto.tests.AddressTest@61f05988]" started-at="2025-10-29T10:19:52 IST" name="testAddressEntryWithCartFlow" finished-at="2025-10-29T10:24:24 IST" duration-ms="271655" status="PASS">
          <reporter-output>
          </reporter-output>
        </test-method> <!-- testAddressEntryWithCartFlow -->
        <test-method is-config="true" signature="tearDown()[pri:0, instance:com.zepto.tests.AddressTest@61f05988]" started-at="2025-10-29T10:24:25 IST" name="tearDown" finished-at="2025-10-29T10:24:26 IST" duration-ms="1346" status="PASS">
          <reporter-output>
          </reporter-output>
        </test-method> <!-- tearDown -->
        <test-method is-config="true" signature="setUp(java.lang.String)[pri:0, instance:com.zepto.tests.AddressTest@61f05988]" started-at="2025-10-29T10:24:26 IST" name="setUp" finished-at="2025-10-29T10:25:40 IST" duration-ms="73790" status="PASS">
          <params>
            <param index="0">
              <value>
                <![CDATA[chrome]]>
              </value>
            </param>
          </params>
          <reporter-output>
          </reporter-output>
        </test-method> <!-- setUp -->
        <test-method is-config="true" signature="ensureLogin()[pri:0, instance:com.zepto.tests.AddressTest@61f05988]" started-at="2025-10-29T10:25:40 IST" name="ensureLogin" finished-at="2025-10-29T10:25:53 IST" duration-ms="13494" status="PASS">
          <reporter-output>
          </reporter-output>
        </test-method> <!-- ensureLogin -->
        <test-method signature="testAddressSaveVerification()[pri:5, instance:com.zepto.tests.AddressTest@61f05988]" started-at="2025-10-29T10:25:53 IST" name="testAddressSaveVerification" finished-at="2025-10-29T10:29:18 IST" duration-ms="204741" status="PASS">
          <reporter-output>
          </reporter-output>
        </test-method> <!-- testAddressSaveVerification -->
        <test-method is-config="true" signature="tearDown()[pri:0, instance:com.zepto.tests.AddressTest@61f05988]" started-at="2025-10-29T10:29:19 IST" name="tearDown" finished-at="2025-10-29T10:29:20 IST" duration-ms="1254" status="PASS">
          <reporter-output>
          </reporter-output>
        </test-method> <!-- tearDown -->
      </class> <!-- com.zepto.tests.AddressTest -->
    </test> <!-- Address Test -->
    <test started-at="2025-10-29T10:11:52 IST" name="Cart Test" finished-at="2025-10-29T10:45:40 IST" duration-ms="2028014">
      <class name="com.zepto.tests.CartTest">
        <test-method is-config="true" signature="setUp(java.lang.String)[pri:0, instance:com.zepto.tests.CartTest@3b00856b]" started-at="2025-10-29T10:11:52 IST" name="setUp" finished-at="2025-10-29T10:12:28 IST" duration-ms="36234" status="PASS">
          <params>
            <param index="0">
              <value>
                <![CDATA[chrome]]>
              </value>
            </param>
          </params>
          <reporter-output>
          </reporter-output>
        </test-method> <!-- setUp -->
        <test-method is-config="true" signature="ensureLogin()[pri:0, instance:com.zepto.tests.CartTest@3b00856b]" started-at="2025-10-29T10:12:28 IST" name="ensureLogin" finished-at="2025-10-29T10:12:36 IST" duration-ms="7858" status="PASS">
          <reporter-output>
          </reporter-output>
        </test-method> <!-- ensureLogin -->
        <test-method signature="testAddProductToCart(java.lang.String)[pri:1, instance:com.zepto.tests.CartTest@3b00856b]" started-at="2025-10-29T10:12:36 IST" name="testAddProductToCart" data-provider="productData" finished-at="2025-10-29T10:13:24 IST" duration-ms="47821" status="PASS">
          <params>
            <param index="0">
              <value>
                <![CDATA[Milk]]>
              </value>
            </param>
          </params>
          <reporter-output>
          </reporter-output>
        </test-method> <!-- testAddProductToCart -->
        <test-method is-config="true" signature="tearDown()[pri:0, instance:com.zepto.tests.CartTest@3b00856b]" started-at="2025-10-29T10:13:24 IST" name="tearDown" finished-at="2025-10-29T10:13:26 IST" duration-ms="1325" status="PASS">
          <reporter-output>
          </reporter-output>
        </test-method> <!-- tearDown -->
        <test-method is-config="true" signature="setUp(java.lang.String)[pri:0, instance:com.zepto.tests.CartTest@3b00856b]" started-at="2025-10-29T10:13:26 IST" name="setUp" finished-at="2025-10-29T10:13:46 IST" duration-ms="19776" status="PASS">
          <params>
            <param index="0">
              <value>
                <![CDATA[chrome]]>
              </value>
            </param>
          </params>
          <reporter-output>
          </reporter-output>
        </test-method> <!-- setUp -->
        <test-method is-config="true" signature="ensureLogin()[pri:0, instance:com.zepto.tests.CartTest@3b00856b]" started-at="2025-10-29T10:13:46 IST" name="ensureLogin" finished-at="2025-10-29T10:14:22 IST" duration-ms="36070" status="PASS">
          <reporter-output>
          </reporter-output>
        </test-method> <!-- ensureLogin -->
        <test-method signature="testAddProductToCart(java.lang.String)[pri:1, instance:com.zepto.tests.CartTest@3b00856b]" started-at="2025-10-29T10:14:22 IST" name="testAddProductToCart" data-provider="productData" finished-at="2025-10-29T10:15:09 IST" duration-ms="47171" status="PASS">
          <params>
            <param index="0">
              <value>
                <![CDATA[Bread]]>
              </value>
            </param>
          </params>
          <reporter-output>
          </reporter-output>
        </test-method> <!-- testAddProductToCart -->
        <test-method is-config="true" signature="tearDown()[pri:0, instance:com.zepto.tests.CartTest@3b00856b]" started-at="2025-10-29T10:15:10 IST" name="tearDown" finished-at="2025-10-29T10:15:11 IST" duration-ms="1312" status="PASS">
          <reporter-output>
          </reporter-output>
        </test-method> <!-- tearDown -->
        <test-method is-config="true" signature="setUp(java.lang.String)[pri:0, instance:com.zepto.tests.CartTest@3b00856b]" started-at="2025-10-29T10:15:11 IST" name="setUp" finished-at="2025-10-29T10:15:29 IST" duration-ms="18122" status="PASS">
          <params>
            <param index="0">
              <value>
                <![CDATA[chrome]]>
              </value>
            </param>
          </params>
          <reporter-output>
          </reporter-output>
        </test-method> <!-- setUp -->
        <test-method is-config="true" signature="ensureLogin()[pri:0, instance:com.zepto.tests.CartTest@3b00856b]" started-at="2025-10-29T10:15:29 IST" name="ensureLogin" finished-at="2025-10-29T10:15:36 IST" duration-ms="7151" status="PASS">
          <reporter-output>
          </reporter-output>
        </test-method> <!-- ensureLogin -->
        <test-method signature="testAddProductToCart(java.lang.String)[pri:1, instance:com.zepto.tests.CartTest@3b00856b]" started-at="2025-10-29T10:15:36 IST" name="testAddProductToCart" data-provider="productData" finished-at="2025-10-29T10:16:23 IST" duration-ms="46592" status="PASS">
          <params>
            <param index="0">
              <value>
                <![CDATA[Eggs]]>
              </value>
            </param>
          </params>
          <reporter-output>
          </reporter-output>
        </test-method> <!-- testAddProductToCart -->
        <test-method is-config="true" signature="tearDown()[pri:0, instance:com.zepto.tests.CartTest@3b00856b]" started-at="2025-10-29T10:16:24 IST" name="tearDown" finished-at="2025-10-29T10:16:25 IST" duration-ms="1351" status="PASS">
          <reporter-output>
          </reporter-output>
        </test-method> <!-- tearDown -->
        <test-method is-config="true" signature="setUp(java.lang.String)[pri:0, instance:com.zepto.tests.CartTest@3b00856b]" started-at="2025-10-29T10:16:25 IST" name="setUp" finished-at="2025-10-29T10:16:53 IST" duration-ms="27513" status="PASS">
          <params>
            <param index="0">
              <value>
                <![CDATA[chrome]]>
              </value>
            </param>
          </params>
          <reporter-output>
          </reporter-output>
        </test-method> <!-- setUp -->
        <test-method is-config="true" signature="ensureLogin()[pri:0, instance:com.zepto.tests.CartTest@3b00856b]" started-at="2025-10-29T10:16:53 IST" name="ensureLogin" finished-at="2025-10-29T10:17:27 IST" duration-ms="34548" status="PASS">
          <reporter-output>
          </reporter-output>
        </test-method> <!-- ensureLogin -->
        <test-method signature="testAddProductToCart(java.lang.String)[pri:1, instance:com.zepto.tests.CartTest@3b00856b]" started-at="2025-10-29T10:17:27 IST" name="testAddProductToCart" data-provider="productData" finished-at="2025-10-29T10:18:14 IST" duration-ms="46937" status="PASS">
          <params>
            <param index="0">
              <value>
                <![CDATA[Rice]]>
              </value>
            </param>
          </params>
          <reporter-output>
          </reporter-output>
        </test-method> <!-- testAddProductToCart -->
        <test-method is-config="true" signature="tearDown()[pri:0, instance:com.zepto.tests.CartTest@3b00856b]" started-at="2025-10-29T10:18:15 IST" name="tearDown" finished-at="2025-10-29T10:18:17 IST" duration-ms="1390" status="PASS">
          <reporter-output>
          </reporter-output>
        </test-method> <!-- tearDown -->
        <test-method is-config="true" signature="setUp(java.lang.String)[pri:0, instance:com.zepto.tests.CartTest@3b00856b]" started-at="2025-10-29T10:18:17 IST" name="setUp" finished-at="2025-10-29T10:19:06 IST" duration-ms="49214" status="PASS">
          <params>
            <param index="0">
              <value>
                <![CDATA[chrome]]>
              </value>
            </param>
          </params>
          <reporter-output>
          </reporter-output>
        </test-method> <!-- setUp -->
        <test-method is-config="true" signature="ensureLogin()[pri:0, instance:com.zepto.tests.CartTest@3b00856b]" started-at="2025-10-29T10:19:06 IST" name="ensureLogin" finished-at="2025-10-29T10:19:44 IST" duration-ms="37804" status="PASS">
          <reporter-output>
          </reporter-output>
        </test-method> <!-- ensureLogin -->
        <test-method signature="testCartAccessibility()[pri:2, instance:com.zepto.tests.CartTest@3b00856b]" started-at="2025-10-29T10:19:44 IST" name="testCartAccessibility" finished-at="2025-10-29T10:20:49 IST" duration-ms="65343" status="PASS">
          <reporter-output>
          </reporter-output>
        </test-method> <!-- testCartAccessibility -->
        <test-method is-config="true" signature="tearDown()[pri:0, instance:com.zepto.tests.CartTest@3b00856b]" started-at="2025-10-29T10:20:50 IST" name="tearDown" finished-at="2025-10-29T10:20:51 IST" duration-ms="1390" status="PASS">
          <reporter-output>
          </reporter-output>
        </test-method> <!-- tearDown -->
        <test-method is-config="true" signature="setUp(java.lang.String)[pri:0, instance:com.zepto.tests.CartTest@3b00856b]" started-at="2025-10-29T10:20:51 IST" name="setUp" finished-at="2025-10-29T10:21:08 IST" duration-ms="17067" status="PASS">
          <params>
            <param index="0">
              <value>
                <![CDATA[chrome]]>
              </value>
            </param>
          </params>
          <reporter-output>
          </reporter-output>
        </test-method> <!-- setUp -->
        <test-method is-config="true" signature="ensureLogin()[pri:0, instance:com.zepto.tests.CartTest@3b00856b]" started-at="2025-10-29T10:21:08 IST" name="ensureLogin" finished-at="2025-10-29T10:21:25 IST" duration-ms="16426" status="PASS">
          <reporter-output>
          </reporter-output>
        </test-method> <!-- ensureLogin -->
        <test-method signature="testCartIconClick()[pri:3, instance:com.zepto.tests.CartTest@3b00856b]" started-at="2025-10-29T10:21:25 IST" name="testCartIconClick" finished-at="2025-10-29T10:22:31 IST" duration-ms="66545" status="PASS">
          <reporter-output>
          </reporter-output>
        </test-method> <!-- testCartIconClick -->
        <test-method is-config="true" signature="tearDown()[pri:0, instance:com.zepto.tests.CartTest@3b00856b]" started-at="2025-10-29T10:22:32 IST" name="tearDown" finished-at="2025-10-29T10:22:33 IST" duration-ms="1296" status="PASS">
          <reporter-output>
          </reporter-output>
        </test-method> <!-- tearDown -->
        <test-method is-config="true" signature="setUp(java.lang.String)[pri:0, instance:com.zepto.tests.CartTest@3b00856b]" started-at="2025-10-29T10:22:33 IST" name="setUp" finished-at="2025-10-29T10:23:15 IST" duration-ms="41912" status="PASS">
          <params>
            <param index="0">
              <value>
                <![CDATA[chrome]]>
              </value>
            </param>
          </params>
          <reporter-output>
          </reporter-output>
        </test-method> <!-- setUp -->
        <test-method is-config="true" signature="ensureLogin()[pri:0, instance:com.zepto.tests.CartTest@3b00856b]" started-at="2025-10-29T10:23:15 IST" name="ensureLogin" finished-at="2025-10-29T10:23:21 IST" duration-ms="6085" status="PASS">
          <reporter-output>
          </reporter-output>
        </test-method> <!-- ensureLogin -->
        <test-method signature="testAddMultipleProductsToCart(java.lang.String)[pri:4, instance:com.zepto.tests.CartTest@3b00856b]" started-at="2025-10-29T10:23:21 IST" name="testAddMultipleProductsToCart" data-provider="productData" finished-at="2025-10-29T10:25:30 IST" duration-ms="128615" status="PASS">
          <params>
            <param index="0">
              <value>
                <![CDATA[Milk]]>
              </value>
            </param>
          </params>
          <reporter-output>
          </reporter-output>
        </test-method> <!-- testAddMultipleProductsToCart -->
        <test-method is-config="true" signature="tearDown()[pri:0, instance:com.zepto.tests.CartTest@3b00856b]" started-at="2025-10-29T10:25:31 IST" name="tearDown" finished-at="2025-10-29T10:25:32 IST" duration-ms="1354" status="PASS">
          <reporter-output>
          </reporter-output>
        </test-method> <!-- tearDown -->
        <test-method is-config="true" signature="setUp(java.lang.String)[pri:0, instance:com.zepto.tests.CartTest@3b00856b]" started-at="2025-10-29T10:25:32 IST" name="setUp" finished-at="2025-10-29T10:25:41 IST" duration-ms="8862" status="PASS">
          <params>
            <param index="0">
              <value>
                <![CDATA[chrome]]>
              </value>
            </param>
          </params>
          <reporter-output>
          </reporter-output>
        </test-method> <!-- setUp -->
        <test-method is-config="true" signature="ensureLogin()[pri:0, instance:com.zepto.tests.CartTest@3b00856b]" started-at="2025-10-29T10:25:41 IST" name="ensureLogin" finished-at="2025-10-29T10:26:26 IST" duration-ms="44714" status="PASS">
          <reporter-output>
          </reporter-output>
        </test-method> <!-- ensureLogin -->
        <test-method signature="testAddMultipleProductsToCart(java.lang.String)[pri:4, instance:com.zepto.tests.CartTest@3b00856b]" started-at="2025-10-29T10:26:26 IST" name="testAddMultipleProductsToCart" data-provider="productData" finished-at="2025-10-29T10:28:35 IST" duration-ms="129215" status="PASS">
          <params>
            <param index="0">
              <value>
                <![CDATA[Bread]]>
              </value>
            </param>
          </params>
          <reporter-output>
          </reporter-output>
        </test-method> <!-- testAddMultipleProductsToCart -->
        <test-method is-config="true" signature="tearDown()[pri:0, instance:com.zepto.tests.CartTest@3b00856b]" started-at="2025-10-29T10:28:36 IST" name="tearDown" finished-at="2025-10-29T10:28:37 IST" duration-ms="1369" status="PASS">
          <reporter-output>
          </reporter-output>
        </test-method> <!-- tearDown -->
        <test-method is-config="true" signature="setUp(java.lang.String)[pri:0, instance:com.zepto.tests.CartTest@3b00856b]" started-at="2025-10-29T10:28:37 IST" name="setUp" finished-at="2025-10-29T10:28:45 IST" duration-ms="8565" status="PASS">
          <params>
            <param index="0">
              <value>
                <![CDATA[chrome]]>
              </value>
            </param>
          </params>
          <reporter-output>
          </reporter-output>
        </test-method> <!-- setUp -->
        <test-method is-config="true" signature="ensureLogin()[pri:0, instance:com.zepto.tests.CartTest@3b00856b]" started-at="2025-10-29T10:28:45 IST" name="ensureLogin" finished-at="2025-10-29T10:29:03 IST" duration-ms="17815" status="PASS">
          <reporter-output>
          </reporter-output>
        </test-method> <!-- ensureLogin -->
        <test-method signature="testAddMultipleProductsToCart(java.lang.String)[pri:4, instance:com.zepto.tests.CartTest@3b00856b]" started-at="2025-10-29T10:29:03 IST" name="testAddMultipleProductsToCart" data-provider="productData" finished-at="2025-10-29T10:31:12 IST" duration-ms="128738" status="PASS">
          <params>
            <param index="0">
              <value>
                <![CDATA[Eggs]]>
              </value>
            </param>
          </params>
          <reporter-output>
          </reporter-output>
        </test-method> <!-- testAddMultipleProductsToCart -->
        <test-method is-config="true" signature="tearDown()[pri:0, instance:com.zepto.tests.CartTest@3b00856b]" started-at="2025-10-29T10:31:13 IST" name="tearDown" finished-at="2025-10-29T10:31:14 IST" duration-ms="1320" status="PASS">
          <reporter-output>
          </reporter-output>
        </test-method> <!-- tearDown -->
        <test-method is-config="true" signature="setUp(java.lang.String)[pri:0, instance:com.zepto.tests.CartTest@3b00856b]" started-at="2025-10-29T10:31:14 IST" name="setUp" finished-at="2025-10-29T10:32:03 IST" duration-ms="48858" status="PASS">
          <params>
            <param index="0">
              <value>
                <![CDATA[chrome]]>
              </value>
            </param>
          </params>
          <reporter-output>
          </reporter-output>
        </test-method> <!-- setUp -->
        <test-method is-config="true" signature="ensureLogin()[pri:0, instance:com.zepto.tests.CartTest@3b00856b]" started-at="2025-10-29T10:32:03 IST" name="ensureLogin" finished-at="2025-10-29T10:32:35 IST" duration-ms="32157" status="PASS">
          <reporter-output>
          </reporter-output>
        </test-method> <!-- ensureLogin -->
        <test-method signature="testAddMultipleProductsToCart(java.lang.String)[pri:4, instance:com.zepto.tests.CartTest@3b00856b]" started-at="2025-10-29T10:32:35 IST" name="testAddMultipleProductsToCart" data-provider="productData" finished-at="2025-10-29T10:34:46 IST" duration-ms="130626" status="PASS">
          <params>
            <param index="0">
              <value>
                <![CDATA[Rice]]>
              </value>
            </param>
          </params>
          <reporter-output>
          </reporter-output>
        </test-method> <!-- testAddMultipleProductsToCart -->
        <test-method is-config="true" signature="tearDown()[pri:0, instance:com.zepto.tests.CartTest@3b00856b]" started-at="2025-10-29T10:34:47 IST" name="tearDown" finished-at="2025-10-29T10:34:48 IST" duration-ms="1354" status="PASS">
          <reporter-output>
          </reporter-output>
        </test-method> <!-- tearDown -->
        <test-method is-config="true" signature="setUp(java.lang.String)[pri:0, instance:com.zepto.tests.CartTest@3b00856b]" started-at="2025-10-29T10:34:48 IST" name="setUp" finished-at="2025-10-29T10:35:04 IST" duration-ms="15924" status="PASS">
          <params>
            <param index="0">
              <value>
                <![CDATA[chrome]]>
              </value>
            </param>
          </params>
          <reporter-output>
          </reporter-output>
        </test-method> <!-- setUp -->
        <test-method is-config="true" signature="ensureLogin()[pri:0, instance:com.zepto.tests.CartTest@3b00856b]" started-at="2025-10-29T10:35:04 IST" name="ensureLogin" finished-at="2025-10-29T10:35:10 IST" duration-ms="5900" status="PASS">
          <reporter-output>
          </reporter-output>
        </test-method> <!-- ensureLogin -->
        <test-method signature="testProductInCartVerification(java.lang.String)[pri:5, instance:com.zepto.tests.CartTest@3b00856b]" started-at="2025-10-29T10:35:10 IST" name="testProductInCartVerification" data-provider="productData" finished-at="2025-10-29T10:37:15 IST" duration-ms="125495" status="PASS">
          <params>
            <param index="0">
              <value>
                <![CDATA[Milk]]>
              </value>
            </param>
          </params>
          <reporter-output>
          </reporter-output>
        </test-method> <!-- testProductInCartVerification -->
        <test-method is-config="true" signature="tearDown()[pri:0, instance:com.zepto.tests.CartTest@3b00856b]" started-at="2025-10-29T10:37:16 IST" name="tearDown" finished-at="2025-10-29T10:37:17 IST" duration-ms="1339" status="PASS">
          <reporter-output>
          </reporter-output>
        </test-method> <!-- tearDown -->
        <test-method is-config="true" signature="setUp(java.lang.String)[pri:0, instance:com.zepto.tests.CartTest@3b00856b]" started-at="2025-10-29T10:37:17 IST" name="setUp" finished-at="2025-10-29T10:38:04 IST" duration-ms="46738" status="PASS">
          <params>
            <param index="0">
              <value>
                <![CDATA[chrome]]>
              </value>
            </param>
          </params>
          <reporter-output>
          </reporter-output>
        </test-method> <!-- setUp -->
        <test-method is-config="true" signature="ensureLogin()[pri:0, instance:com.zepto.tests.CartTest@3b00856b]" started-at="2025-10-29T10:38:04 IST" name="ensureLogin" finished-at="2025-10-29T10:38:12 IST" duration-ms="7479" status="PASS">
          <reporter-output>
          </reporter-output>
        </test-method> <!-- ensureLogin -->
        <test-method signature="testProductInCartVerification(java.lang.String)[pri:5, instance:com.zepto.tests.CartTest@3b00856b]" started-at="2025-10-29T10:38:12 IST" name="testProductInCartVerification" data-provider="productData" finished-at="2025-10-29T10:40:06 IST" duration-ms="114329" status="PASS">
          <params>
            <param index="0">
              <value>
                <![CDATA[Bread]]>
              </value>
            </param>
          </params>
          <reporter-output>
          </reporter-output>
        </test-method> <!-- testProductInCartVerification -->
        <test-method is-config="true" signature="tearDown()[pri:0, instance:com.zepto.tests.CartTest@3b00856b]" started-at="2025-10-29T10:40:07 IST" name="tearDown" finished-at="2025-10-29T10:40:08 IST" duration-ms="1317" status="PASS">
          <reporter-output>
          </reporter-output>
        </test-method> <!-- tearDown -->
        <test-method is-config="true" signature="setUp(java.lang.String)[pri:0, instance:com.zepto.tests.CartTest@3b00856b]" started-at="2025-10-29T10:40:08 IST" name="setUp" finished-at="2025-10-29T10:40:25 IST" duration-ms="16615" status="PASS">
          <params>
            <param index="0">
              <value>
                <![CDATA[chrome]]>
              </value>
            </param>
          </params>
          <reporter-output>
          </reporter-output>
        </test-method> <!-- setUp -->
        <test-method is-config="true" signature="ensureLogin()[pri:0, instance:com.zepto.tests.CartTest@3b00856b]" started-at="2025-10-29T10:40:25 IST" name="ensureLogin" finished-at="2025-10-29T10:40:42 IST" duration-ms="16993" status="PASS">
          <reporter-output>
          </reporter-output>
        </test-method> <!-- ensureLogin -->
        <test-method signature="testProductInCartVerification(java.lang.String)[pri:5, instance:com.zepto.tests.CartTest@3b00856b]" started-at="2025-10-29T10:40:42 IST" name="testProductInCartVerification" data-provider="productData" finished-at="2025-10-29T10:42:44 IST" duration-ms="121897" status="PASS">
          <params>
            <param index="0">
              <value>
                <![CDATA[Eggs]]>
              </value>
            </param>
          </params>
          <reporter-output>
          </reporter-output>
        </test-method> <!-- testProductInCartVerification -->
        <test-method is-config="true" signature="tearDown()[pri:0, instance:com.zepto.tests.CartTest@3b00856b]" started-at="2025-10-29T10:42:44 IST" name="tearDown" finished-at="2025-10-29T10:42:46 IST" duration-ms="1194" status="PASS">
          <reporter-output>
          </reporter-output>
        </test-method> <!-- tearDown -->
        <test-method is-config="true" signature="setUp(java.lang.String)[pri:0, instance:com.zepto.tests.CartTest@3b00856b]" started-at="2025-10-29T10:42:46 IST" name="setUp" finished-at="2025-10-29T10:43:36 IST" duration-ms="50254" status="PASS">
          <params>
            <param index="0">
              <value>
                <![CDATA[chrome]]>
              </value>
            </param>
          </params>
          <reporter-output>
          </reporter-output>
        </test-method> <!-- setUp -->
        <test-method is-config="true" signature="ensureLogin()[pri:0, instance:com.zepto.tests.CartTest@3b00856b]" started-at="2025-10-29T10:43:36 IST" name="ensureLogin" finished-at="2025-10-29T10:43:42 IST" duration-ms="6557" status="PASS">
          <reporter-output>
          </reporter-output>
        </test-method> <!-- ensureLogin -->
        <test-method signature="testProductInCartVerification(java.lang.String)[pri:5, instance:com.zepto.tests.CartTest@3b00856b]" started-at="2025-10-29T10:43:42 IST" name="testProductInCartVerification" data-provider="productData" finished-at="2025-10-29T10:45:37 IST" duration-ms="114894" status="PASS">
          <params>
            <param index="0">
              <value>
                <![CDATA[Rice]]>
              </value>
            </param>
          </params>
          <reporter-output>
          </reporter-output>
        </test-method> <!-- testProductInCartVerification -->
        <test-method is-config="true" signature="tearDown()[pri:0, instance:com.zepto.tests.CartTest@3b00856b]" started-at="2025-10-29T10:45:38 IST" name="tearDown" finished-at="2025-10-29T10:45:40 IST" duration-ms="1367" status="PASS">
          <reporter-output>
          </reporter-output>
        </test-method> <!-- tearDown -->
      </class> <!-- com.zepto.tests.CartTest -->
    </test> <!-- Cart Test -->
  </suite> <!-- Zepto Automation Test Suite -->
</testng-results>
