<?xml version="1.0" encoding="UTF-8"?>
<!-- Generated by org.testng.reporters.JUnitXMLReporter -->
<testsuite ignored="0" hostname="ASCINLAP61488" failures="0" tests="5" name="Address Test" time="1025.857" errors="0" timestamp="2025-10-29T10:29:20 IST">
  <testcase classname="com.zepto.tests.AddressTest" name="testAddressInput" time="61.302"/>
  <testcase classname="com.zepto.tests.AddressTest" name="testAddressSelection" time="110.906"/>
  <testcase classname="com.zepto.tests.AddressTest" name="testCompleteAddressEntry" time="171.989"/>
  <testcase classname="com.zepto.tests.AddressTest" name="testAddressEntryWithCartFlow" time="271.655"/>
  <testcase classname="com.zepto.tests.AddressTest" name="testAddressSaveVerification" time="204.741"/>
</testsuite> <!-- Address Test -->
