<?xml version="1.0" encoding="UTF-8"?>
<!-- Generated by org.testng.reporters.JUnitXMLReporter -->
<testsuite ignored="0" hostname="ASCINLAP61488" failures="0" tests="14" name="Cart Test" time="2028.014" errors="0" timestamp="2025-10-29T10:45:40 IST">
  <testcase classname="com.zepto.tests.CartTest" name="testAddProductToCart" time="47.821"/>
  <testcase classname="com.zepto.tests.CartTest" name="testAddProductToCart" time="47.171"/>
  <testcase classname="com.zepto.tests.CartTest" name="testAddProductToCart" time="46.592"/>
  <testcase classname="com.zepto.tests.CartTest" name="testAddProductToCart" time="46.937"/>
  <testcase classname="com.zepto.tests.CartTest" name="testCartAccessibility" time="65.343"/>
  <testcase classname="com.zepto.tests.CartTest" name="testCartIconClick" time="66.545"/>
  <testcase classname="com.zepto.tests.CartTest" name="testAddMultipleProductsToCart" time="128.615"/>
  <testcase classname="com.zepto.tests.CartTest" name="testAddMultipleProductsToCart" time="129.215"/>
  <testcase classname="com.zepto.tests.CartTest" name="testAddMultipleProductsToCart" time="128.738"/>
  <testcase classname="com.zepto.tests.CartTest" name="testAddMultipleProductsToCart" time="130.626"/>
  <testcase classname="com.zepto.tests.CartTest" name="testProductInCartVerification" time="125.495"/>
  <testcase classname="com.zepto.tests.CartTest" name="testProductInCartVerification" time="114.329"/>
  <testcase classname="com.zepto.tests.CartTest" name="testProductInCartVerification" time="121.897"/>
  <testcase classname="com.zepto.tests.CartTest" name="testProductInCartVerification" time="114.894"/>
</testsuite> <!-- Cart Test -->
