<?xml version="1.0" encoding="UTF-8"?>
<!-- Generated by org.testng.reporters.JUnitXMLReporter -->
<testsuite ignored="0" hostname="ASCINLAP61488" failures="1" tests="9" name="Search Test" time="651.714" errors="0" timestamp="2025-10-29T10:12:14 IST">
  <testcase classname="com.zepto.tests.SearchTest" name="testSearchProduct" time="9.37"/>
  <testcase classname="com.zepto.tests.SearchTest" name="testSearchProduct" time="10.136"/>
  <testcase classname="com.zepto.tests.SearchTest" name="testSearchProduct" time="168.108">
    <failure type="java.lang.AssertionError" message="Search results should be displayed expected [true] but found [false]">
      <![CDATA[java.lang.AssertionError: Search results should be displayed expected [true] but found [false]
at com.zepto.tests.SearchTest.testSearchProduct(SearchTest.java:55)
at java.base/java.util.ArrayList.forEach(ArrayList.java:1596)
at java.base/java.util.concurrent.FutureTask.run(FutureTask.java:317)
at java.base/java.util.concurrent.ThreadPoolExecutor.runWorker(ThreadPoolExecutor.java:1144)
at java.base/java.util.concurrent.ThreadPoolExecutor$Worker.run(ThreadPoolExecutor.java:642)
at java.base/java.lang.Thread.run(Thread.java:1583)
... Removed 18 stack frames]]>
    </failure>
  </testcase> <!-- testSearchProduct -->
  <testcase classname="com.zepto.tests.SearchTest" name="testSearchProduct" time="9.787"/>
  <testcase classname="com.zepto.tests.SearchTest" name="testSearchWithEmptyQuery" time="5.887"/>
  <testcase classname="com.zepto.tests.SearchTest" name="testSearchResultsContainProduct" time="10.666"/>
  <testcase classname="com.zepto.tests.SearchTest" name="testSearchResultsContainProduct" time="13.168"/>
  <testcase classname="com.zepto.tests.SearchTest" name="testSearchResultsContainProduct" time="27.695"/>
  <testcase classname="com.zepto.tests.SearchTest" name="testSearchResultsContainProduct" time="34.808"/>
</testsuite> <!-- Search Test -->
