<?xml version="1.0" encoding="UTF-8"?>
<!-- Generated by org.testng.reporters.JUnitXMLReporter -->
<testsuite ignored="0" hostname="ASCINLAP61488" failures="0" tests="3" name="SuperSaver Test" time="489.664" errors="0" timestamp="2025-10-29T10:11:51 IST">
  <testcase classname="com.zepto.tests.SuperSaverTest" name="testEnableSuperSaver" time="139.397"/>
  <testcase classname="com.zepto.tests.SuperSaverTest" name="testSuperSaverButtonClick" time="61.142"/>
  <testcase classname="com.zepto.tests.SuperSaverTest" name="testSuperSaverPersistence" time="173.486"/>
</testsuite> <!-- SuperSaver Test -->
